-------------------------------------------------------------------------------
Test set: ar.com.dinamicaonline.rapipago.RapipagoApplicationTests
-------------------------------------------------------------------------------
Tests run: 1, Failures: 0, Errors: 1, Skipped: 0, Time elapsed: 0.486 s <<< FAILURE! - in ar.com.dinamicaonline.rapipago.RapipagoApplicationTests
ar.com.dinamicaonline.rapipago.RapipagoApplicationTests  Time elapsed: 0.485 s  <<< ERROR!
java.lang.IllegalStateException: Unable to find a @SpringBootConfiguration, you need to use @ContextConfiguration or @SpringBootTest(classes=...) with your test

