-------------------------------------------------------------------------------
Test set: ar.com.dinamicaonline.rapipago.CostApiApplicationTests
-------------------------------------------------------------------------------
Tests run: 1, Failures: 0, Errors: 1, Skipped: 0, Time elapsed: 0.053 s <<< FAILURE! - in ar.com.dinamicaonline.rapipago.CostApiApplicationTests
ar.com.dinamicaonline.rapipago.CostApiApplicationTests  Time elapsed: 0.053 s  <<< ERROR!
java.lang.IllegalStateException: Unable to find a @SpringBootConfiguration, you need to use @ContextConfiguration or @SpringBootTest(classes=...) with your test

